<?xml version="1.0" encoding="UTF-8"?>
<!-- Generated by org.testng.reporters.JUnitXMLReporter -->
<testsuite hostname="VAIDEHI-PC" ignored="1" name="All test cases enabled" tests="2" failures="1" timestamp="17 Dec 2018 22:24:47 GMT" time="14.164" errors="0">
  <testcase name="testcase1" time="0.006" classname="day8.FirstTestNG"/>
  <testcase name="verifyTitleOfThePage" time="0.013" classname="day7.Guru99Project">
    <failure type="java.lang.AssertionError" message="expected [Guru99 Bank Home Page1] but found [Guru99 Bank Home Page]">
      <![CDATA[java.lang.AssertionError: expected [Guru99 Bank Home Page1] but found [Guru99 Bank Home Page]
at day7.Guru99Project.verifyTitleOfThePage(Guru99Project.java:28)
... Removed 31 stack frames]]>
    </failure>
  </testcase> <!-- verifyTitleOfThePage -->
  <testcase name="verifyLoginToGuru99Application" time="0.0" classname="day7.Guru99Project">
    <ignored/>
  </testcase> <!-- verifyLoginToGuru99Application -->
</testsuite> <!-- All test cases enabled -->
